<?xml version="1.0" encoding="UTF-8"?>
<!-- Generated by org.testng.reporters.JUnitXMLReporter -->
<testsuite ignored="0" hostname="DESKTOP-GT4T4VH" failures="0" tests="5" name="Test_chrome" time="81.017" errors="0" timestamp="2025-03-24T19:11:49 IST">
  <testcase classname="ProductTest.createProductt" name="createProductTest" time="23.112"/>
  <testcase classname="Login.loginn" name="loginTest" time="6.382"/>
  <testcase classname="ContactTest.createContactt" name="createContactTest" time="30.539"/>
  <testcase classname="CampaignTest.createCampaignn" name="createCampaignTest" time="15.088"/>
  <testcase classname="CampaignTest.createCampaignn" name="createCampaignWithCloseDateTest" time="5.777"/>
</testsuite> <!-- Test_chrome -->
