<?xml version="1.0" encoding="UTF-8"?>
<testng-results ignored="0" total="3" passed="3" failed="0" skipped="0">
  <reporter-output>
  </reporter-output>
  <suite started-at="2025-03-25T20:48:29 IST" name="Default suite" finished-at="2025-03-25T20:48:29 IST" duration-ms="71">
    <groups>
    </groups>
    <test started-at="2025-03-25T20:48:29 IST" name="Default test" finished-at="2025-03-25T20:48:29 IST" duration-ms="71">
      <class name="DataDrivenTest.DataProviderUsage">
        <test-method signature="testCase(java.lang.String,java.lang.String)[pri:0, instance:DataDrivenTest.DataProviderUsage@750e2b97]" started-at="2025-03-25T20:48:29 IST" name="testCase" data-provider="getData" finished-at="2025-03-25T20:48:29 IST" duration-ms="8" status="PASS">
          <params>
            <param index="0">
              <value>
                <![CDATA[John]]>
              </value>
            </param>
            <param index="1">
              <value>
                <![CDATA[dave]]>
              </value>
            </param>
          </params>
          <reporter-output>
          </reporter-output>
        </test-method> <!-- testCase -->
        <test-method signature="testCase(java.lang.String,java.lang.String)[pri:0, instance:DataDrivenTest.DataProviderUsage@750e2b97]" started-at="2025-03-25T20:48:29 IST" name="testCase" data-provider="getData" finished-at="2025-03-25T20:48:29 IST" duration-ms="2" status="PASS">
          <params>
            <param index="0">
              <value>
                <![CDATA[Annie]]>
              </value>
            </param>
            <param index="1">
              <value>
                <![CDATA[ravan]]>
              </value>
            </param>
          </params>
          <reporter-output>
          </reporter-output>
        </test-method> <!-- testCase -->
        <test-method signature="testCase(java.lang.String,java.lang.String)[pri:0, instance:DataDrivenTest.DataProviderUsage@750e2b97]" started-at="2025-03-25T20:48:29 IST" name="testCase" data-provider="getData" finished-at="2025-03-25T20:48:29 IST" duration-ms="1" status="PASS">
          <params>
            <param index="0">
              <value>
                <![CDATA[Smith]]>
              </value>
            </param>
            <param index="1">
              <value>
                <![CDATA[louise]]>
              </value>
            </param>
          </params>
          <reporter-output>
          </reporter-output>
        </test-method> <!-- testCase -->
      </class> <!-- DataDrivenTest.DataProviderUsage -->
    </test> <!-- Default test -->
  </suite> <!-- Default suite -->
</testng-results>
