<?xml version="1.0" encoding="UTF-8"?>
<!-- Generated by org.testng.reporters.JUnitXMLReporter -->
<testsuite ignored="0" hostname="DESKTOP-GT4T4VH" failures="0" tests="3" name="Default test" time="0.071" errors="0" timestamp="2025-03-25T20:48:29 IST">
  <testcase classname="DataDrivenTest.DataProviderUsage" name="testCase" time="0.008"/>
  <testcase classname="DataDrivenTest.DataProviderUsage" name="testCase" time="0.002"/>
  <testcase classname="DataDrivenTest.DataProviderUsage" name="testCase" time="0.001"/>
</testsuite> <!-- Default test -->
